<?xml version="1.0" encoding="UTF-8" ?>
<testsuite tests="3" failures="0" name="com.iv1201.Client.model.UserDTOTest" time="0.32" errors="0" skipped="0">
  <properties>
    <property name="java.runtime.name" value="Java(TM) SE Runtime Environment"/>
    <property name="java.vm.version" value="11.0.12+8-LTS-237"/>
    <property name="sun.boot.library.path" value="C:\Program Files\Java\jdk-11.0.12\bin"/>
    <property name="maven.multiModuleProjectDirectory" value="C:\Users\theok\OneDrive\Dokument\GitHub\iv1201-client\Client"/>
    <property name="java.vm.vendor" value="Oracle Corporation"/>
    <property name="java.vendor.url" value="https://openjdk.java.net/"/>
    <property name="guice.disable.misplaced.annotation.check" value="true"/>
    <property name="path.separator" value=";"/>
    <property name="java.vm.name" value="Java HotSpot(TM) 64-Bit Server VM"/>
    <property name="sun.os.patch.level" value=""/>
    <property name="user.script" value=""/>
    <property name="user.country" value="SE"/>
    <property name="sun.java.launcher" value="SUN_STANDARD"/>
    <property name="java.vm.specification.name" value="Java Virtual Machine Specification"/>
    <property name="user.dir" value="C:\Users\theok\OneDrive\Dokument\GitHub\iv1201-client\Client"/>
    <property name="java.vm.compressedOopsMode" value="Zero based"/>
    <property name="java.runtime.version" value="11.0.12+8-LTS-237"/>
    <property name="java.awt.graphicsenv" value="sun.awt.Win32GraphicsEnvironment"/>
    <property name="os.arch" value="amd64"/>
    <property name="java.io.tmpdir" value="C:\Users\theok\AppData\Local\Temp\"/>
    <property name="line.separator" value="
"/>
    <property name="java.vm.specification.vendor" value="Oracle Corporation"/>
    <property name="user.variant" value=""/>
    <property name="os.name" value="Windows 10"/>
    <property name="maven.ext.class.path" value="C:\Program Files\NetBeans-12.1\netbeans\java\maven-nblib\netbeans-eventspy.jar"/>
    <property name="classworlds.conf" value="C:\Program Files\NetBeans-12.1\netbeans\java\maven\bin\..\bin\m2.conf"/>
    <property name="sun.jnu.encoding" value="Cp1252"/>
    <property name="java.library.path" value="C:\Program Files\Java\jdk-11.0.12\bin;C:\Windows\Sun\Java\bin;C:\Windows\system32;C:\Windows;C:\Program Files\Common Files\Oracle\Java\javapath;C:\Program Files (x86)\Common Files\Oracle\Java\javapath;C:\Windows\system32;C:\Windows;C:\Windows\System32\Wbem;C:\Windows\System32\WindowsPowerShell\v1.0\;C:\Windows\System32\OpenSSH\;C:\Program Files\erl10.3\bin;C:\Program Files (x86)\Elixir\bin;C:\Users\theok\.mix\escripts;C:\Program Files\PuTTY\;C:\Program Files\Git\cmd;C:\Users\theok\AppData\Local\Programs\Python\Python39\Scripts\;C:\Users\theok\AppData\Local\Programs\Python\Python39\;C:\Users\theok\AppData\Local\Microsoft\WindowsApps;C:\Users\theok\AppData\Local\Programs\Microsoft VS Code\bin;C:\Users\theok\AppData\Roaming\npm;C:\Program Files\heroku\bin;C:\Users\theok\AppData\Local\GitHubDesktop\bin;C:\ProgramData\chocolatey\bin;C:\Program Files\nodejs\;C:\Program Files\Wolfram Research\WolframScript\;C:\Program Files\Java\jdk1.8.0_271\bin;C:\Program Files\PostgreSQL\14\bin;C:\Program Files\PostgreSQL\14\lib;C:\Users\theok\Downloads\apache-maven-3.8.4\bin;C:\Program Files\MySQL\MySQL Shell 8.0\bin\;C:\Users\theok\AppData\Local\Microsoft\WindowsApps;C:\Users\theok\AppData\Local\Programs\Microsoft VS Code\bin;C:\Program Files\heroku\bin;C:\Users\theok\AppData\Local\GitHubDesktop\bin;C:\Users\theok\AppData\Roaming\npm;C:\selenium-webdrivers;;."/>
    <property name="maven.conf" value="C:\Program Files\NetBeans-12.1\netbeans\java\maven\bin\../conf"/>
    <property name="jdk.debug" value="release"/>
    <property name="java.class.version" value="55.0"/>
    <property name="java.specification.name" value="Java Platform API Specification"/>
    <property name="sun.management.compiler" value="HotSpot 64-Bit Tiered Compilers"/>
    <property name="os.version" value="10.0"/>
    <property name="library.jansi.path" value="C:\Program Files\NetBeans-12.1\netbeans\java\maven\bin\..\lib\jansi-native"/>
    <property name="user.home" value="C:\Users\theok"/>
    <property name="user.timezone" value="Europe/Berlin"/>
    <property name="java.awt.printerjob" value="sun.awt.windows.WPrinterJob"/>
    <property name="file.encoding" value="UTF-8"/>
    <property name="java.specification.version" value="11"/>
    <property name="user.name" value="theok"/>
    <property name="java.class.path" value="C:\Program Files\NetBeans-12.1\netbeans\java\maven\bin\..\boot\plexus-classworlds-2.6.0.jar"/>
    <property name="java.vm.specification.version" value="11"/>
    <property name="sun.arch.data.model" value="64"/>
    <property name="sun.java.command" value="org.codehaus.plexus.classworlds.launcher.Launcher -Dmaven.ext.class.path=C:\Program Files\NetBeans-12.1\netbeans\java\maven-nblib\netbeans-eventspy.jar -Dfile.encoding=UTF-8 clean install"/>
    <property name="java.home" value="C:\Program Files\Java\jdk-11.0.12"/>
    <property name="user.language" value="sv"/>
    <property name="java.specification.vendor" value="Oracle Corporation"/>
    <property name="awt.toolkit" value="sun.awt.windows.WToolkit"/>
    <property name="java.vm.info" value="mixed mode"/>
    <property name="java.version" value="11.0.12"/>
    <property name="java.vendor" value="Oracle Corporation"/>
    <property name="maven.home" value="C:\Program Files\NetBeans-12.1\netbeans\java\maven\bin\.."/>
    <property name="file.separator" value="\"/>
    <property name="java.version.date" value="2021-07-20"/>
    <property name="java.vendor.url.bug" value="https://bugreport.java.com/bugreport/"/>
    <property name="sun.io.unicode.encoding" value="UnicodeLittle"/>
    <property name="sun.cpu.endian" value="little"/>
    <property name="java.vendor.version" value="18.9"/>
    <property name="sun.desktop" value="windows"/>
    <property name="sun.cpu.isalist" value="amd64"/>
  </properties>
  <testcase classname="com.iv1201.Client.model.UserDTOTest" name="testGetUsernameTest" time="0.009"/>
  <testcase classname="com.iv1201.Client.model.UserDTOTest" name="testGetPassword" time="0"/>
  <testcase classname="com.iv1201.Client.model.UserDTOTest" name="testGetEmail" time="0"/>
</testsuite>